<?xml version="1.0" encoding="UTF-8"?>
<!-- Generated by org.testng.reporters.JUnitReportReporter -->
<testsuite hostname="DESKTOP-8933E9J" failures="0" tests="2" name="Academy.HomePage" time="6.898" errors="0" timestamp="2020-12-09T17:53:13 MEZ" skipped="0">
  <testcase classname="Academy.HomePage" name="basePageNavigation" time="2.061"/>
  <system-out/>
  <testcase classname="Academy.HomePage" name="basePageNavigation" time="4.837"/>
  <system-out/>
</testsuite> <!-- Academy.HomePage -->
