<?xml version="1.0" encoding="UTF-8"?>
<!-- Generated by org.testng.reporters.JUnitReportReporter -->
<testsuite hostname="DESKTOP-8933E9J" failures="0" tests="2" name="Academe.validateTitle" time="0.158" errors="0" timestamp="2020-12-18T02:29:48 MEZ" skipped="0">
  <testcase classname="Academe.validateTitle" name="validateHeader" time="0.118"/>
  <system-out/>
  <testcase classname="Academe.validateTitle" name="validateTitle" time="0.040"/>
  <system-out/>
</testsuite> <!-- Academe.validateTitle -->
