<?xml version="1.0" encoding="UTF-8"?>
<!-- Generated by org.testng.reporters.JUnitReportReporter -->
<testsuite hostname="DESKTOP-8933E9J" failures="0" tests="1" name="Academe.validateNavBar" time="7.308" errors="0" timestamp="2020-12-18T01:58:48 MEZ" skipped="0">
  <testcase classname="Academe.validateNavBar" name="basePageNavigation" time="7.308"/>
  <system-out/>
</testsuite> <!-- Academe.validateNavBar -->
