<?xml version="1.0" encoding="UTF-8"?>
<!-- Generated by org.testng.reporters.JUnitReportReporter -->
<testsuite hostname="DESKTOP-8933E9J" failures="0" tests="2" name="Academe.HomePage" time="29.717" errors="0" timestamp="2020-12-18T02:29:48 MEZ" skipped="0">
  <testcase classname="Academe.HomePage" name="basePageNavigation" time="12.663"/>
  <system-out/>
  <testcase classname="Academe.HomePage" name="basePageNavigation" time="17.054"/>
  <system-out/>
</testsuite> <!-- Academe.HomePage -->
